
> frontend@0.1.0 start
> react-scripts start

Starting the development server...

Compiled successfully!

You can now view frontend in the browser.

  Local:            http://localhost:3000
  On Your Network:  http://172.16.11.123:3000

Note that the development build is not optimized.
To create a production build, use npm run build.

webpack compiled [1m[32msuccessfully[39m[22m
Files successfully emitted, waiting for typecheck results...
Issues checking in progress...
No issues found.
Compiling...
Compiled successfully!
webpack compiled [1m[32msuccessfully[39m[22m
Compiling...
No issues found.
Compiled successfully!
webpack compiled [1m[32msuccessfully[39m[22m
Files successfully emitted, waiting for typecheck results...
Issues checking in progress...
No issues found.
Compiling...
Compiled successfully!
webpack compiled [1m[32msuccessfully[39m[22m
Compiling...
Files successfully emitted, waiting for typecheck results...
Issues checking in progress...
Compiled successfully!
webpack compiled [1m[32msuccessfully[39m[22m
Files successfully emitted, waiting for typecheck results...
Issues checking in progress...
No issues found.
Compiling...
Compiled successfully!
webpack compiled [1m[32msuccessfully[39m[22m
Compiling...
Files successfully emitted, waiting for typecheck results...
Issues checking in progress...
Compiled successfully!
webpack compiled [1m[32msuccessfully[39m[22m
Files successfully emitted, waiting for typecheck results...
Issues checking in progress...
No issues found.
Compiling...
Compiled successfully!
webpack compiled [1m[32msuccessfully[39m[22m
Files successfully emitted, waiting for typecheck results...
Issues checking in progress...
No issues found.
Compiling...
Compiled successfully!
webpack compiled [1m[32msuccessfully[39m[22m
Files successfully emitted, waiting for typecheck results...
Issues checking in progress...
No issues found.
Compiling...
Compiled successfully!
webpack compiled [1m[32msuccessfully[39m[22m
Files successfully emitted, waiting for typecheck results...
Issues checking in progress...
No issues found.
Compiling...
Compiled successfully!
webpack compiled [1m[32msuccessfully[39m[22m
Compiling...
Files successfully emitted, waiting for typecheck results...
Issues checking in progress...
Compiled successfully!
webpack compiled [1m[32msuccessfully[39m[22m
No issues found.
Compiling...
Failed to compile.

[eslint] 
src\pages\Indicators.tsx
Syntax error: '}' expected (774:39)
[1m[31mERROR[39m[22m in [1m./src/pages/Indicators.tsx[39m[22m
Module build failed (from ./node_modules/babel-loader/lib/index.js):
SyntaxError: C:\Users\jakub\Documents\financial-analyzer\frontend\src\pages\Indicators.tsx: Unexpected token, expected "}" (774:39)

[0m [90m 772 |[39m   control[33m=[39m{
 [90m 773 |[39m     [33m<[39m[33mSwitch[39m
[31m[1m>[22m[39m[90m 774 |[39m       checked[33m=[39m{changeForm[33m.[39mis_percentage[33m:[39m changeForm[33m.[39mis_percentage[33m,[39m}
 [90m     |[39m                                        [31m[1m^[22m[39m
 [90m 775 |[39m       onChange[33m=[39m{(e) [33m=>[39m setChangeForm({ [33m...[39mchangeForm[33m,[39m is_percentage[33m:[39m e[33m.[39mtarget[33m.[39mchecked [33m?[39m [35m1[39m [33m:[39m [35m0[39m })}
 [90m 776 |[39m     [33m/[39m[33m>[39m
 [90m 777 |[39m   }[0m
    at constructor (C:\Users\jakub\Documents\financial-analyzer\frontend\node_modules\@babel\parser\lib\index.js:365:19)
    at TypeScriptParserMixin.raise (C:\Users\jakub\Documents\financial-analyzer\frontend\node_modules\@babel\parser\lib\index.js:6599:19)
    at TypeScriptParserMixin.unexpected (C:\Users\jakub\Documents\financial-analyzer\frontend\node_modules\@babel\parser\lib\index.js:6619:16)
    at TypeScriptParserMixin.expect (C:\Users\jakub\Documents\financial-analyzer\frontend\node_modules\@babel\parser\lib\index.js:6899:12)
    at TypeScriptParserMixin.jsxParseExpressionContainer (C:\Users\jakub\Documents\financial-analyzer\frontend\node_modules\@babel\parser\lib\index.js:4637:10)
    at TypeScriptParserMixin.jsxParseAttributeValue (C:\Users\jakub\Documents\financial-analyzer\frontend\node_modules\@babel\parser\lib\index.js:4604:21)
    at TypeScriptParserMixin.jsxParseAttribute (C:\Users\jakub\Documents\financial-analyzer\frontend\node_modules\@babel\parser\lib\index.js:4653:38)
    at TypeScriptParserMixin.jsxParseOpeningElementAfterName (C:\Users\jakub\Documents\financial-analyzer\frontend\node_modules\@babel\parser\lib\index.js:4667:28)
    at TypeScriptParserMixin.jsxParseOpeningElementAfterName (C:\Users\jakub\Documents\financial-analyzer\frontend\node_modules\@babel\parser\lib\index.js:10043:18)
    at TypeScriptParserMixin.jsxParseOpeningElementAt (C:\Users\jakub\Documents\financial-analyzer\frontend\node_modules\@babel\parser\lib\index.js:4662:17)
    at TypeScriptParserMixin.jsxParseElementAt (C:\Users\jakub\Documents\financial-analyzer\frontend\node_modules\@babel\parser\lib\index.js:4686:33)
    at TypeScriptParserMixin.jsxParseElement (C:\Users\jakub\Documents\financial-analyzer\frontend\node_modules\@babel\parser\lib\index.js:4749:17)
    at TypeScriptParserMixin.parseExprAtom (C:\Users\jakub\Documents\financial-analyzer\frontend\node_modules\@babel\parser\lib\index.js:4759:19)
    at TypeScriptParserMixin.parseExprSubscripts (C:\Users\jakub\Documents\financial-analyzer\frontend\node_modules\@babel\parser\lib\index.js:11081:23)
    at TypeScriptParserMixin.parseUpdate (C:\Users\jakub\Documents\financial-analyzer\frontend\node_modules\@babel\parser\lib\index.js:11066:21)
    at TypeScriptParserMixin.parseMaybeUnary (C:\Users\jakub\Documents\financial-analyzer\frontend\node_modules\@babel\parser\lib\index.js:11046:23)
    at TypeScriptParserMixin.parseMaybeUnary (C:\Users\jakub\Documents\financial-analyzer\frontend\node_modules\@babel\parser\lib\index.js:9837:18)
    at TypeScriptParserMixin.parseMaybeUnaryOrPrivate (C:\Users\jakub\Documents\financial-analyzer\frontend\node_modules\@babel\parser\lib\index.js:10899:61)
    at TypeScriptParserMixin.parseExprOps (C:\Users\jakub\Documents\financial-analyzer\frontend\node_modules\@babel\parser\lib\index.js:10904:23)
    at TypeScriptParserMixin.parseMaybeConditional (C:\Users\jakub\Documents\financial-analyzer\frontend\node_modules\@babel\parser\lib\index.js:10881:23)
    at TypeScriptParserMixin.parseMaybeAssign (C:\Users\jakub\Documents\financial-analyzer\frontend\node_modules\@babel\parser\lib\index.js:10831:21)
    at C:\Users\jakub\Documents\financial-analyzer\frontend\node_modules\@babel\parser\lib\index.js:9775:39
    at TypeScriptParserMixin.tryParse (C:\Users\jakub\Documents\financial-analyzer\frontend\node_modules\@babel\parser\lib\index.js:6907:20)
    at TypeScriptParserMixin.parseMaybeAssign (C:\Users\jakub\Documents\financial-analyzer\frontend\node_modules\@babel\parser\lib\index.js:9775:18)
    at TypeScriptParserMixin.parseExpressionBase (C:\Users\jakub\Documents\financial-analyzer\frontend\node_modules\@babel\parser\lib\index.js:10784:23)
    at C:\Users\jakub\Documents\financial-analyzer\frontend\node_modules\@babel\parser\lib\index.js:10780:39
    at TypeScriptParserMixin.allowInAnd (C:\Users\jakub\Documents\financial-analyzer\frontend\node_modules\@babel\parser\lib\index.js:12426:12)
    at TypeScriptParserMixin.parseExpression (C:\Users\jakub\Documents\financial-analyzer\frontend\node_modules\@babel\parser\lib\index.js:10780:17)
    at TypeScriptParserMixin.jsxParseExpressionContainer (C:\Users\jakub\Documents\financial-analyzer\frontend\node_modules\@babel\parser\lib\index.js:4632:31)
    at TypeScriptParserMixin.jsxParseAttributeValue (C:\Users\jakub\Documents\financial-analyzer\frontend\node_modules\@babel\parser\lib\index.js:4604:21)
    at TypeScriptParserMixin.jsxParseAttribute (C:\Users\jakub\Documents\financial-analyzer\frontend\node_modules\@babel\parser\lib\index.js:4653:38)
    at TypeScriptParserMixin.jsxParseOpeningElementAfterName (C:\Users\jakub\Documents\financial-analyzer\frontend\node_modules\@babel\parser\lib\index.js:4667:28)
    at TypeScriptParserMixin.jsxParseOpeningElementAfterName (C:\Users\jakub\Documents\financial-analyzer\frontend\node_modules\@babel\parser\lib\index.js:10043:18)
    at TypeScriptParserMixin.jsxParseOpeningElementAt (C:\Users\jakub\Documents\financial-analyzer\frontend\node_modules\@babel\parser\lib\index.js:4662:17)
    at TypeScriptParserMixin.jsxParseElementAt (C:\Users\jakub\Documents\financial-analyzer\frontend\node_modules\@babel\parser\lib\index.js:4686:33)
    at TypeScriptParserMixin.jsxParseElementAt (C:\Users\jakub\Documents\financial-analyzer\frontend\node_modules\@babel\parser\lib\index.js:4698:32)
    at TypeScriptParserMixin.jsxParseElementAt (C:\Users\jakub\Documents\financial-analyzer\frontend\node_modules\@babel\parser\lib\index.js:4698:32)
    at TypeScriptParserMixin.jsxParseElement (C:\Users\jakub\Documents\financial-analyzer\frontend\node_modules\@babel\parser\lib\index.js:4749:17)
    at TypeScriptParserMixin.parseExprAtom (C:\Users\jakub\Documents\financial-analyzer\frontend\node_modules\@babel\parser\lib\index.js:4759:19)
    at TypeScriptParserMixin.parseExprSubscripts (C:\Users\jakub\Documents\financial-analyzer\frontend\node_modules\@babel\parser\lib\index.js:11081:23)
    at TypeScriptParserMixin.parseUpdate (C:\Users\jakub\Documents\financial-analyzer\frontend\node_modules\@babel\parser\lib\index.js:11066:21)
    at TypeScriptParserMixin.parseMaybeUnary (C:\Users\jakub\Documents\financial-analyzer\frontend\node_modules\@babel\parser\lib\index.js:11046:23)
    at TypeScriptParserMixin.parseMaybeUnary (C:\Users\jakub\Documents\financial-analyzer\frontend\node_modules\@babel\parser\lib\index.js:9837:18)
    at TypeScriptParserMixin.parseMaybeUnaryOrPrivate (C:\Users\jakub\Documents\financial-analyzer\frontend\node_modules\@babel\parser\lib\index.js:10899:61)
    at TypeScriptParserMixin.parseExprOps (C:\Users\jakub\Documents\financial-analyzer\frontend\node_modules\@babel\parser\lib\index.js:10904:23)
    at TypeScriptParserMixin.parseMaybeConditional (C:\Users\jakub\Documents\financial-analyzer\frontend\node_modules\@babel\parser\lib\index.js:10881:23)
    at TypeScriptParserMixin.parseMaybeAssign (C:\Users\jakub\Documents\financial-analyzer\frontend\node_modules\@babel\parser\lib\index.js:10831:21)
    at C:\Users\jakub\Documents\financial-analyzer\frontend\node_modules\@babel\parser\lib\index.js:9775:39
    at TypeScriptParserMixin.tryParse (C:\Users\jakub\Documents\financial-analyzer\frontend\node_modules\@babel\parser\lib\index.js:6907:20)
    at TypeScriptParserMixin.parseMaybeAssign (C:\Users\jakub\Documents\financial-analyzer\frontend\node_modules\@babel\parser\lib\index.js:9775:18)

[1m[31mERROR[39m[22m in [1m[eslint] 
src\pages\Indicators.tsx
  Line 774:39:  Parsing [1m[31merror[39m[22m[1m: '}' expected

[39m[22m

webpack compiled with [1m[31m2 errors[39m[22m
Compiling...
Files successfully emitted, waiting for typecheck results...
Issues checking in progress...
Compiled successfully!
webpack compiled [1m[32msuccessfully[39m[22m
Files successfully emitted, waiting for typecheck results...
Issues checking in progress...
No issues found.
Compiling...
Compiled successfully!
webpack compiled [1m[32msuccessfully[39m[22m
Compiling...
Files successfully emitted, waiting for typecheck results...
Issues checking in progress...
Compiled successfully!
webpack compiled [1m[32msuccessfully[39m[22m
Files successfully emitted, waiting for typecheck results...
Issues checking in progress...
No issues found.
Compiling...
Compiled with warnings.

[eslint] 
src\pages\Indicators.tsx
  Line 63:18:  'changeForm' was used before it was defined  @typescript-eslint/no-use-before-define

Search for the keywords to learn more about each warning.
To ignore, add // eslint-disable-next-line to the line before.

[1m[33mWARNING[39m[22m in [1m[eslint] 
src\pages\Indicators.tsx
  Line 63:18:  'changeForm' was used before it was defined  @typescript-eslint/no-use-before-define

[39m[22m

webpack compiled with [1m[33m1 warning[39m[22m
Files successfully emitted, waiting for typecheck results...
Issues checking in progress...
Compiling...
Compiled with warnings.

[eslint] 
src\pages\Indicators.tsx
  Line 63:18:  'changeForm' was used before it was defined  @typescript-eslint/no-use-before-define
  Line 74:18:  'changeForm' was used before it was defined  @typescript-eslint/no-use-before-define

Search for the keywords to learn more about each warning.
To ignore, add // eslint-disable-next-line to the line before.

[1m[33mWARNING[39m[22m in [1m[eslint] 
src\pages\Indicators.tsx
  Line 63:18:  'changeForm' was used before it was defined  @typescript-eslint/no-use-before-define
  Line 74:18:  'changeForm' was used before it was defined  @typescript-eslint/no-use-before-define

[39m[22m

webpack compiled with [1m[33m1 warning[39m[22m
Files successfully emitted, waiting for typecheck results...
Issues checking in progress...
Compiling...
Compiled with warnings.

[eslint] 
src\pages\Indicators.tsx
  Line 63:18:  'changeForm' was used before it was defined  @typescript-eslint/no-use-before-define
  Line 74:18:  'changeForm' was used before it was defined  @typescript-eslint/no-use-before-define

Search for the keywords to learn more about each warning.
To ignore, add // eslint-disable-next-line to the line before.

[1m[33mWARNING[39m[22m in [1m[eslint] 
src\pages\Indicators.tsx
  Line 63:18:  'changeForm' was used before it was defined  @typescript-eslint/no-use-before-define
  Line 74:18:  'changeForm' was used before it was defined  @typescript-eslint/no-use-before-define

[39m[22m

webpack compiled with [1m[33m1 warning[39m[22m
Files successfully emitted, waiting for typecheck results...
Issues checking in progress...
Compiling...
Compiled successfully!
webpack compiled [1m[32msuccessfully[39m[22m
Compiling...
Files successfully emitted, waiting for typecheck results...
Issues checking in progress...
Compiled successfully!
webpack compiled [1m[32msuccessfully[39m[22m
Files successfully emitted, waiting for typecheck results...
Issues checking in progress...
No issues found.
Compiling...
Compiled successfully!
webpack compiled [1m[32msuccessfully[39m[22m
Files successfully emitted, waiting for typecheck results...
Issues checking in progress...
No issues found.
Compiling...
Compiled with warnings.

[eslint] 
src\pages\Indicators.tsx
  Line 14:10:  'Autocomplete' is defined but never used  @typescript-eslint/no-unused-vars

Search for the keywords to learn more about each warning.
To ignore, add // eslint-disable-next-line to the line before.

[1m[33mWARNING[39m[22m in [1m[eslint] 
src\pages\Indicators.tsx
  Line 14:10:  'Autocomplete' is defined but never used  @typescript-eslint/no-unused-vars

[39m[22m

webpack compiled with [1m[33m1 warning[39m[22m
Files successfully emitted, waiting for typecheck results...
Issues checking in progress...
No issues found.
Compiling...
Compiled successfully!
webpack compiled [1m[32msuccessfully[39m[22m
Files successfully emitted, waiting for typecheck results...
Issues checking in progress...
No issues found.
Compiling...
Compiled successfully!
webpack compiled [1m[32msuccessfully[39m[22m
Files successfully emitted, waiting for typecheck results...
Issues checking in progress...
No issues found.
Compiling...
Compiled with warnings.

[eslint] 
src\pages\Indicators.tsx
  Line 141:9:  'categoryOptions' is assigned a value but never used  @typescript-eslint/no-unused-vars

Search for the keywords to learn more about each warning.
To ignore, add // eslint-disable-next-line to the line before.

[1m[33mWARNING[39m[22m in [1m[eslint] 
src\pages\Indicators.tsx
  Line 141:9:  'categoryOptions' is assigned a value but never used  @typescript-eslint/no-unused-vars

[39m[22m

webpack compiled with [1m[33m1 warning[39m[22m
Compiling...
Files successfully emitted, waiting for typecheck results...
Issues checking in progress...
Compiled with warnings.

[eslint] 
src\pages\Indicators.tsx
  Line 141:9:  'categoryOptions' is assigned a value but never used  @typescript-eslint/no-unused-vars

Search for the keywords to learn more about each warning.
To ignore, add // eslint-disable-next-line to the line before.

[1m[33mWARNING[39m[22m in [1m[eslint] 
src\pages\Indicators.tsx
  Line 141:9:  'categoryOptions' is assigned a value but never used  @typescript-eslint/no-unused-vars

[39m[22m

webpack compiled with [1m[33m1 warning[39m[22m
Files successfully emitted, waiting for typecheck results...
Issues checking in progress...
No issues found.
Compiling...
Compiled successfully!
webpack compiled [1m[32msuccessfully[39m[22m
Compiling...
Files successfully emitted, waiting for typecheck results...
Issues checking in progress...
Compiled successfully!
webpack compiled [1m[32msuccessfully[39m[22m
No issues found.
Compiling...
Compiled successfully!
webpack compiled [1m[32msuccessfully[39m[22m
Files successfully emitted, waiting for typecheck results...
Issues checking in progress...
No issues found.
