(node:2660) [DEP_WEBPACK_DEV_SERVER_ON_AFTER_SETUP_MIDDLEWARE] DeprecationWarning: 'onAfterSetupMiddleware' option is deprecated. Please use the 'setupMiddlewares' option.
(Use `node --trace-deprecation ...` to show where the warning was created)
(node:2660) [DEP_WEBPACK_DEV_SERVER_ON_BEFORE_SETUP_MIDDLEWARE] DeprecationWarning: 'onBeforeSetupMiddleware' option is deprecated. Please use the 'setupMiddlewares' option.
ERROR in src/pages/Indicators.tsx:63:18
TS2448: Block-scoped variable 'changeForm' used before its declaration.
  [0m [90m 61 |[39m   raw_variable[33m:[39m [32m''[39m[33m,[39m
   [90m 62 |[39m   category[33m:[39m [32m''[39m[33m,[39m
  [31m[1m>[22m[39m[90m 63 |[39m   is_percentage[33m:[39m changeForm[33m.[39mis_percentage[33m,[39m
   [90m    |[39m                  [31m[1m^[22m[39m[31m[1m^[22m[39m[31m[1m^[22m[39m[31m[1m^[22m[39m[31m[1m^[22m[39m[31m[1m^[22m[39m[31m[1m^[22m[39m[31m[1m^[22m[39m[31m[1m^[22m[39m[31m[1m^[22m[39m
   [90m 64 |[39m })[33m;[39m
   [90m 65 |[39m [36mconst[39m [changeDialogOpen[33m,[39m setChangeDialogOpen] [33m=[39m useState([36mfalse[39m)[33m;[39m
   [90m 66 |[39m [36mconst[39m [changeForm[33m,[39m setChangeForm] [33m=[39m useState({[0m

ERROR in src/pages/Indicators.tsx:63:18
TS2454: Variable 'changeForm' is used before being assigned.
  [0m [90m 61 |[39m   raw_variable[33m:[39m [32m''[39m[33m,[39m
   [90m 62 |[39m   category[33m:[39m [32m''[39m[33m,[39m
  [31m[1m>[22m[39m[90m 63 |[39m   is_percentage[33m:[39m changeForm[33m.[39mis_percentage[33m,[39m
   [90m    |[39m                  [31m[1m^[22m[39m[31m[1m^[22m[39m[31m[1m^[22m[39m[31m[1m^[22m[39m[31m[1m^[22m[39m[31m[1m^[22m[39m[31m[1m^[22m[39m[31m[1m^[22m[39m[31m[1m^[22m[39m[31m[1m^[22m[39m
   [90m 64 |[39m })[33m;[39m
   [90m 65 |[39m [36mconst[39m [changeDialogOpen[33m,[39m setChangeDialogOpen] [33m=[39m useState([36mfalse[39m)[33m;[39m
   [90m 66 |[39m [36mconst[39m [changeForm[33m,[39m setChangeForm] [33m=[39m useState({[0m

ERROR in src/pages/Indicators.tsx:63:18
TS2448: Block-scoped variable 'changeForm' used before its declaration.
  [0m [90m 61 |[39m   raw_variable[33m:[39m [32m''[39m[33m,[39m
   [90m 62 |[39m   category[33m:[39m [32m''[39m[33m,[39m
  [31m[1m>[22m[39m[90m 63 |[39m   is_percentage[33m:[39m changeForm[33m.[39mis_percentage[33m,[39m
   [90m    |[39m                  [31m[1m^[22m[39m[31m[1m^[22m[39m[31m[1m^[22m[39m[31m[1m^[22m[39m[31m[1m^[22m[39m[31m[1m^[22m[39m[31m[1m^[22m[39m[31m[1m^[22m[39m[31m[1m^[22m[39m[31m[1m^[22m[39m
   [90m 64 |[39m })[33m;[39m
   [90m 65 |[39m [36mconst[39m [changeDialogOpen[33m,[39m setChangeDialogOpen] [33m=[39m useState([36mfalse[39m)[33m;[39m
   [90m 66 |[39m [36mconst[39m [changeForm[33m,[39m setChangeForm] [33m=[39m useState({[0m

ERROR in src/pages/Indicators.tsx:66:8
TS7022: 'changeForm' implicitly has type 'any' because it does not have a type annotation and is referenced directly or indirectly in its own initializer.
  [0m [90m 64 |[39m })[33m;[39m
   [90m 65 |[39m [36mconst[39m [changeDialogOpen[33m,[39m setChangeDialogOpen] [33m=[39m useState([36mfalse[39m)[33m;[39m
  [31m[1m>[22m[39m[90m 66 |[39m [36mconst[39m [changeForm[33m,[39m setChangeForm] [33m=[39m useState({
   [90m    |[39m        [31m[1m^[22m[39m[31m[1m^[22m[39m[31m[1m^[22m[39m[31m[1m^[22m[39m[31m[1m^[22m[39m[31m[1m^[22m[39m[31m[1m^[22m[39m[31m[1m^[22m[39m[31m[1m^[22m[39m[31m[1m^[22m[39m
   [90m 67 |[39m   display_name[33m:[39m [32m''[39m[33m,[39m
   [90m 68 |[39m   change_type[33m:[39m [32m'yoy'[39m[33m,[39m
   [90m 69 |[39m   change_years[33m:[39m [35m5[39m[33m,[39m[0m

ERROR in src/pages/Indicators.tsx:74:18
TS2448: Block-scoped variable 'changeForm' used before its declaration.
  [0m [90m 72 |[39m   raw_variable[33m:[39m [32m''[39m[33m,[39m
   [90m 73 |[39m   category[33m:[39m [32m''[39m[33m,[39m
  [31m[1m>[22m[39m[90m 74 |[39m   is_percentage[33m:[39m changeForm[33m.[39mis_percentage[33m,[39m
   [90m    |[39m                  [31m[1m^[22m[39m[31m[1m^[22m[39m[31m[1m^[22m[39m[31m[1m^[22m[39m[31m[1m^[22m[39m[31m[1m^[22m[39m[31m[1m^[22m[39m[31m[1m^[22m[39m[31m[1m^[22m[39m[31m[1m^[22m[39m
   [90m 75 |[39m })[33m;[39m
   [90m 76 |[39m
   [90m 77 |[39m [36mconst[39m handleChangeSubmit [33m=[39m [36masync[39m () [33m=>[39m {[0m

ERROR in src/pages/Indicators.tsx:63:18
TS2448: Block-scoped variable 'changeForm' used before its declaration.
  [0m [90m 61 |[39m   raw_variable[33m:[39m [32m''[39m[33m,[39m
   [90m 62 |[39m   category[33m:[39m [32m''[39m[33m,[39m
  [31m[1m>[22m[39m[90m 63 |[39m   is_percentage[33m:[39m changeForm[33m.[39mis_percentage[33m,[39m
   [90m    |[39m                  [31m[1m^[22m[39m[31m[1m^[22m[39m[31m[1m^[22m[39m[31m[1m^[22m[39m[31m[1m^[22m[39m[31m[1m^[22m[39m[31m[1m^[22m[39m[31m[1m^[22m[39m[31m[1m^[22m[39m[31m[1m^[22m[39m
   [90m 64 |[39m })[33m;[39m
   [90m 65 |[39m [36mconst[39m [changeDialogOpen[33m,[39m setChangeDialogOpen] [33m=[39m useState([36mfalse[39m)[33m;[39m
   [90m 66 |[39m [36mconst[39m [changeForm[33m,[39m setChangeForm] [33m=[39m useState({[0m

ERROR in src/pages/Indicators.tsx:66:8
TS7022: 'changeForm' implicitly has type 'any' because it does not have a type annotation and is referenced directly or indirectly in its own initializer.
  [0m [90m 64 |[39m })[33m;[39m
   [90m 65 |[39m [36mconst[39m [changeDialogOpen[33m,[39m setChangeDialogOpen] [33m=[39m useState([36mfalse[39m)[33m;[39m
  [31m[1m>[22m[39m[90m 66 |[39m [36mconst[39m [changeForm[33m,[39m setChangeForm] [33m=[39m useState({
   [90m    |[39m        [31m[1m^[22m[39m[31m[1m^[22m[39m[31m[1m^[22m[39m[31m[1m^[22m[39m[31m[1m^[22m[39m[31m[1m^[22m[39m[31m[1m^[22m[39m[31m[1m^[22m[39m[31m[1m^[22m[39m[31m[1m^[22m[39m
   [90m 67 |[39m   display_name[33m:[39m [32m''[39m[33m,[39m
   [90m 68 |[39m   change_type[33m:[39m [32m'yoy'[39m[33m,[39m
   [90m 69 |[39m   change_years[33m:[39m [35m5[39m[33m,[39m[0m

ERROR in src/pages/Indicators.tsx:74:18
TS2448: Block-scoped variable 'changeForm' used before its declaration.
  [0m [90m 72 |[39m   raw_variable[33m:[39m [32m''[39m[33m,[39m
   [90m 73 |[39m   category[33m:[39m [32m''[39m[33m,[39m
  [31m[1m>[22m[39m[90m 74 |[39m   is_percentage[33m:[39m changeForm[33m.[39mis_percentage[33m,[39m
   [90m    |[39m                  [31m[1m^[22m[39m[31m[1m^[22m[39m[31m[1m^[22m[39m[31m[1m^[22m[39m[31m[1m^[22m[39m[31m[1m^[22m[39m[31m[1m^[22m[39m[31m[1m^[22m[39m[31m[1m^[22m[39m[31m[1m^[22m[39m
   [90m 75 |[39m })[33m;[39m
   [90m 76 |[39m
   [90m 77 |[39m [36mconst[39m handleChangeSubmit [33m=[39m [36masync[39m () [33m=>[39m {[0m

